<?xml version="1.0" encoding="UTF-8"?>
<!-- Generated by org.testng.reporters.JUnitXMLReporter -->
<testsuite hostname="DESKTOP-2F977B9" ignored="0" name="Test" tests="4" failures="0" timestamp="2022-03-22T23:32:16 IST" time="0.338" errors="0">
  <testcase name="createCon" time="0.065" classname="com.crm.Vtiger.framework.CreateContactTest"/>
  <testcase name="createLead" time="0.006" classname="com.crm.Vtiger.framework.CreateLeadTest"/>
  <testcase name="createInvoice" time="0.003" classname="com.crm.Vtiger.framework.CreateOrganizationTest"/>
  <testcase name="createOrg" time="0.003" classname="com.crm.Vtiger.framework.CreateOrganizationTest"/>
</testsuite> <!-- Test -->
