<?xml version="1.0" encoding="UTF-8"?>
<testng-results skipped="0" failed="0" ignored="0" total="1" passed="1">
  <reporter-output>
  </reporter-output>
  <suite name="Default suite" duration-ms="42867" started-at="2022-03-23T17:41:15 IST" finished-at="2022-03-23T17:41:58 IST">
    <groups>
    </groups>
    <test name="Default test" duration-ms="42867" started-at="2022-03-23T17:41:15 IST" finished-at="2022-03-23T17:41:58 IST">
      <class name="com.crm.Vtiger.framework.LoginToVtigerByMavenPrametersTest">
        <test-method status="PASS" signature="getData()[pri:0, instance:com.crm.Vtiger.framework.LoginToVtigerByMavenPrametersTest@587d1d39]" name="getData" duration-ms="42761" started-at="2022-03-23T17:41:16 IST" finished-at="2022-03-23T17:41:58 IST">
          <reporter-output>
          </reporter-output>
        </test-method> <!-- getData -->
      </class> <!-- com.crm.Vtiger.framework.LoginToVtigerByMavenPrametersTest -->
    </test> <!-- Default test -->
  </suite> <!-- Default suite -->
</testng-results>
